<?xml version="1.0" encoding="utf-8"?><testsuite errors="1" failures="0" name="pytest" skips="0" tests="1" time="0.435"><testcase classname="" file="pytests/test_index.py" name="pytests.test_index" time="0"><error message="collection failure">ImportError while importing test module &apos;/home/jocular-bug-2433/ds-skills2-variable-assignment-lab-london-ds-skills-011519/pytests/test_index.py&apos;.
Hint: make sure your test modules/packages have valid Python names.
Traceback:
pytests/test_index.py:7: in &lt;module&gt;
    from ipynb.fs.full.index import travel_month, number_of_weeks, travelling_schedule
E   ImportError: cannot import name &apos;travelling_schedule&apos;</error></testcase></testsuite>